<?xml version="1.0" encoding="UTF-8"?>
<testsuite xmlns:xsi="http://www.w3.org/2001/XMLSchema-instance" xsi:noNamespaceSchemaLocation="https://maven.apache.org/surefire/maven-surefire-plugin/xsd/surefire-test-report.xsd" name="TestSuite" time="13.156" tests="11" errors="0" skipped="0" failures="3">
  <properties>
    <property name="sun.desktop" value="windows"/>
    <property name="awt.toolkit" value="sun.awt.windows.WToolkit"/>
    <property name="file.encoding.pkg" value="sun.io"/>
    <property name="java.specification.version" value="1.8"/>
    <property name="sun.cpu.isalist" value="amd64"/>
    <property name="sun.jnu.encoding" value="Cp1252"/>
    <property name="java.class.path" value="D:\Practice\RestAPI\target\test-classes;D:\Practice\RestAPI\target\classes;C:\Users\rkau10\.m2\repository\io\rest-assured\rest-assured\3.0.7\rest-assured-3.0.7.jar;C:\Users\rkau10\.m2\repository\org\codehaus\groovy\groovy\2.4.12\groovy-2.4.12.jar;C:\Users\rkau10\.m2\repository\org\codehaus\groovy\groovy-xml\2.4.12\groovy-xml-2.4.12.jar;C:\Users\rkau10\.m2\repository\org\apache\httpcomponents\httpclient\4.5.3\httpclient-4.5.3.jar;C:\Users\rkau10\.m2\repository\org\apache\httpcomponents\httpcore\4.4.6\httpcore-4.4.6.jar;C:\Users\rkau10\.m2\repository\commons-logging\commons-logging\1.2\commons-logging-1.2.jar;C:\Users\rkau10\.m2\repository\commons-codec\commons-codec\1.9\commons-codec-1.9.jar;C:\Users\rkau10\.m2\repository\org\apache\httpcomponents\httpmime\4.5.1\httpmime-4.5.1.jar;C:\Users\rkau10\.m2\repository\org\hamcrest\hamcrest-core\1.3\hamcrest-core-1.3.jar;C:\Users\rkau10\.m2\repository\org\hamcrest\hamcrest-library\1.3\hamcrest-library-1.3.jar;C:\Users\rkau10\.m2\repository\org\ccil\cowan\tagsoup\tagsoup\1.2.1\tagsoup-1.2.1.jar;C:\Users\rkau10\.m2\repository\io\rest-assured\json-path\3.0.7\json-path-3.0.7.jar;C:\Users\rkau10\.m2\repository\org\codehaus\groovy\groovy-json\2.4.12\groovy-json-2.4.12.jar;C:\Users\rkau10\.m2\repository\io\rest-assured\rest-assured-common\3.0.7\rest-assured-common-3.0.7.jar;C:\Users\rkau10\.m2\repository\io\rest-assured\xml-path\3.0.7\xml-path-3.0.7.jar;C:\Users\rkau10\.m2\repository\org\apache\commons\commons-lang3\3.4\commons-lang3-3.4.jar;C:\Users\rkau10\.m2\repository\javax\xml\bind\jaxb-api\2.2.12\jaxb-api-2.2.12.jar;C:\Users\rkau10\.m2\repository\io\rest-assured\json-schema-validator\3.0.7\json-schema-validator-3.0.7.jar;C:\Users\rkau10\.m2\repository\com\github\fge\json-schema-validator\2.2.6\json-schema-validator-2.2.6.jar;C:\Users\rkau10\.m2\repository\com\google\code\findbugs\jsr305\3.0.0\jsr305-3.0.0.jar;C:\Users\rkau10\.m2\repository\joda-time\joda-time\2.3\joda-time-2.3.jar;C:\Users\rkau10\.m2\repository\com\googlecode\libphonenumber\libphonenumber\6.2\libphonenumber-6.2.jar;C:\Users\rkau10\.m2\repository\com\github\fge\json-schema-core\1.2.5\json-schema-core-1.2.5.jar;C:\Users\rkau10\.m2\repository\com\github\fge\uri-template\0.9\uri-template-0.9.jar;C:\Users\rkau10\.m2\repository\com\github\fge\msg-simple\1.1\msg-simple-1.1.jar;C:\Users\rkau10\.m2\repository\com\github\fge\btf\1.2\btf-1.2.jar;C:\Users\rkau10\.m2\repository\com\google\guava\guava\16.0.1\guava-16.0.1.jar;C:\Users\rkau10\.m2\repository\com\github\fge\jackson-coreutils\1.8\jackson-coreutils-1.8.jar;C:\Users\rkau10\.m2\repository\com\fasterxml\jackson\core\jackson-databind\2.2.3\jackson-databind-2.2.3.jar;C:\Users\rkau10\.m2\repository\com\fasterxml\jackson\core\jackson-annotations\2.2.3\jackson-annotations-2.2.3.jar;C:\Users\rkau10\.m2\repository\com\fasterxml\jackson\core\jackson-core\2.2.3\jackson-core-2.2.3.jar;C:\Users\rkau10\.m2\repository\org\mozilla\rhino\1.7R4\rhino-1.7R4.jar;C:\Users\rkau10\.m2\repository\javax\mail\mailapi\1.4.3\mailapi-1.4.3.jar;C:\Users\rkau10\.m2\repository\javax\activation\activation\1.1\activation-1.1.jar;C:\Users\rkau10\.m2\repository\net\sf\jopt-simple\jopt-simple\4.6\jopt-simple-4.6.jar;C:\Users\rkau10\.m2\repository\org\testng\testng\6.8\testng-6.8.jar;C:\Users\rkau10\.m2\repository\junit\junit\4.10\junit-4.10.jar;C:\Users\rkau10\.m2\repository\org\beanshell\bsh\2.0b4\bsh-2.0b4.jar;C:\Users\rkau10\.m2\repository\com\beust\jcommander\1.27\jcommander-1.27.jar;C:\Users\rkau10\.m2\repository\org\yaml\snakeyaml\1.6\snakeyaml-1.6.jar;C:\Users\rkau10\.m2\repository\org\apache\logging\log4j\log4j-api\2.11.0\log4j-api-2.11.0.jar;C:\Users\rkau10\.m2\repository\org\apache\logging\log4j\log4j-core\2.11.0\log4j-core-2.11.0.jar;C:\Users\rkau10\.m2\repository\org\apache\maven\surefire\surefire-testng-utils\2.21.0\surefire-testng-utils-2.21.0.jar;C:\Users\rkau10\.m2\repository\org\apache\maven\surefire\surefire-grouper\2.21.0\surefire-grouper-2.21.0.jar;"/>
    <property name="java.vm.vendor" value="Oracle Corporation"/>
    <property name="sun.arch.data.model" value="64"/>
    <property name="user.variant" value=""/>
    <property name="java.vendor.url" value="http://java.oracle.com/"/>
    <property name="user.timezone" value="Asia/Calcutta"/>
    <property name="java.vm.specification.version" value="1.8"/>
    <property name="os.name" value="Windows 7"/>
    <property name="user.country" value="US"/>
    <property name="sun.java.launcher" value="SUN_STANDARD"/>
    <property name="sun.boot.library.path" value="C:\Program Files\Java\jdk1.8.0_40\jre\bin"/>
    <property name="sun.java.command" value="C:\Users\rkau10\AppData\Local\Temp\surefire3802236913609443482\surefirebooter8717955242087088328.jar C:\Users\rkau10\AppData\Local\Temp\surefire3802236913609443482 2018-04-16T14-50-09_842-jvmRun1 surefire3528812735052185047tmp surefire_01284680889976208066tmp"/>
    <property name="surefire.test.class.path" value="D:\Practice\RestAPI\target\test-classes;D:\Practice\RestAPI\target\classes;C:\Users\rkau10\.m2\repository\io\rest-assured\rest-assured\3.0.7\rest-assured-3.0.7.jar;C:\Users\rkau10\.m2\repository\org\codehaus\groovy\groovy\2.4.12\groovy-2.4.12.jar;C:\Users\rkau10\.m2\repository\org\codehaus\groovy\groovy-xml\2.4.12\groovy-xml-2.4.12.jar;C:\Users\rkau10\.m2\repository\org\apache\httpcomponents\httpclient\4.5.3\httpclient-4.5.3.jar;C:\Users\rkau10\.m2\repository\org\apache\httpcomponents\httpcore\4.4.6\httpcore-4.4.6.jar;C:\Users\rkau10\.m2\repository\commons-logging\commons-logging\1.2\commons-logging-1.2.jar;C:\Users\rkau10\.m2\repository\commons-codec\commons-codec\1.9\commons-codec-1.9.jar;C:\Users\rkau10\.m2\repository\org\apache\httpcomponents\httpmime\4.5.1\httpmime-4.5.1.jar;C:\Users\rkau10\.m2\repository\org\hamcrest\hamcrest-core\1.3\hamcrest-core-1.3.jar;C:\Users\rkau10\.m2\repository\org\hamcrest\hamcrest-library\1.3\hamcrest-library-1.3.jar;C:\Users\rkau10\.m2\repository\org\ccil\cowan\tagsoup\tagsoup\1.2.1\tagsoup-1.2.1.jar;C:\Users\rkau10\.m2\repository\io\rest-assured\json-path\3.0.7\json-path-3.0.7.jar;C:\Users\rkau10\.m2\repository\org\codehaus\groovy\groovy-json\2.4.12\groovy-json-2.4.12.jar;C:\Users\rkau10\.m2\repository\io\rest-assured\rest-assured-common\3.0.7\rest-assured-common-3.0.7.jar;C:\Users\rkau10\.m2\repository\io\rest-assured\xml-path\3.0.7\xml-path-3.0.7.jar;C:\Users\rkau10\.m2\repository\org\apache\commons\commons-lang3\3.4\commons-lang3-3.4.jar;C:\Users\rkau10\.m2\repository\javax\xml\bind\jaxb-api\2.2.12\jaxb-api-2.2.12.jar;C:\Users\rkau10\.m2\repository\io\rest-assured\json-schema-validator\3.0.7\json-schema-validator-3.0.7.jar;C:\Users\rkau10\.m2\repository\com\github\fge\json-schema-validator\2.2.6\json-schema-validator-2.2.6.jar;C:\Users\rkau10\.m2\repository\com\google\code\findbugs\jsr305\3.0.0\jsr305-3.0.0.jar;C:\Users\rkau10\.m2\repository\joda-time\joda-time\2.3\joda-time-2.3.jar;C:\Users\rkau10\.m2\repository\com\googlecode\libphonenumber\libphonenumber\6.2\libphonenumber-6.2.jar;C:\Users\rkau10\.m2\repository\com\github\fge\json-schema-core\1.2.5\json-schema-core-1.2.5.jar;C:\Users\rkau10\.m2\repository\com\github\fge\uri-template\0.9\uri-template-0.9.jar;C:\Users\rkau10\.m2\repository\com\github\fge\msg-simple\1.1\msg-simple-1.1.jar;C:\Users\rkau10\.m2\repository\com\github\fge\btf\1.2\btf-1.2.jar;C:\Users\rkau10\.m2\repository\com\google\guava\guava\16.0.1\guava-16.0.1.jar;C:\Users\rkau10\.m2\repository\com\github\fge\jackson-coreutils\1.8\jackson-coreutils-1.8.jar;C:\Users\rkau10\.m2\repository\com\fasterxml\jackson\core\jackson-databind\2.2.3\jackson-databind-2.2.3.jar;C:\Users\rkau10\.m2\repository\com\fasterxml\jackson\core\jackson-annotations\2.2.3\jackson-annotations-2.2.3.jar;C:\Users\rkau10\.m2\repository\com\fasterxml\jackson\core\jackson-core\2.2.3\jackson-core-2.2.3.jar;C:\Users\rkau10\.m2\repository\org\mozilla\rhino\1.7R4\rhino-1.7R4.jar;C:\Users\rkau10\.m2\repository\javax\mail\mailapi\1.4.3\mailapi-1.4.3.jar;C:\Users\rkau10\.m2\repository\javax\activation\activation\1.1\activation-1.1.jar;C:\Users\rkau10\.m2\repository\net\sf\jopt-simple\jopt-simple\4.6\jopt-simple-4.6.jar;C:\Users\rkau10\.m2\repository\org\testng\testng\6.8\testng-6.8.jar;C:\Users\rkau10\.m2\repository\junit\junit\4.10\junit-4.10.jar;C:\Users\rkau10\.m2\repository\org\beanshell\bsh\2.0b4\bsh-2.0b4.jar;C:\Users\rkau10\.m2\repository\com\beust\jcommander\1.27\jcommander-1.27.jar;C:\Users\rkau10\.m2\repository\org\yaml\snakeyaml\1.6\snakeyaml-1.6.jar;C:\Users\rkau10\.m2\repository\org\apache\logging\log4j\log4j-api\2.11.0\log4j-api-2.11.0.jar;C:\Users\rkau10\.m2\repository\org\apache\logging\log4j\log4j-core\2.11.0\log4j-core-2.11.0.jar;C:\Users\rkau10\.m2\repository\org\apache\maven\surefire\surefire-testng-utils\2.21.0\surefire-testng-utils-2.21.0.jar;C:\Users\rkau10\.m2\repository\org\apache\maven\surefire\surefire-grouper\2.21.0\surefire-grouper-2.21.0.jar;"/>
    <property name="sun.cpu.endian" value="little"/>
    <property name="user.home" value="C:\Users\rkau10"/>
    <property name="user.language" value="en"/>
    <property name="java.specification.vendor" value="Oracle Corporation"/>
    <property name="java.home" value="C:\Program Files\Java\jdk1.8.0_40\jre"/>
    <property name="basedir" value="D:\Practice\RestAPI"/>
    <property name="file.separator" value="\"/>
    <property name="line.separator" value="&#10;"/>
    <property name="java.vm.specification.vendor" value="Oracle Corporation"/>
    <property name="java.specification.name" value="Java Platform API Specification"/>
    <property name="java.awt.graphicsenv" value="sun.awt.Win32GraphicsEnvironment"/>
    <property name="surefire.real.class.path" value="C:\Users\rkau10\AppData\Local\Temp\surefire3802236913609443482\surefirebooter8717955242087088328.jar"/>
    <property name="sun.boot.class.path" value="C:\Program Files\Java\jdk1.8.0_40\jre\lib\resources.jar;C:\Program Files\Java\jdk1.8.0_40\jre\lib\rt.jar;C:\Program Files\Java\jdk1.8.0_40\jre\lib\sunrsasign.jar;C:\Program Files\Java\jdk1.8.0_40\jre\lib\jsse.jar;C:\Program Files\Java\jdk1.8.0_40\jre\lib\jce.jar;C:\Program Files\Java\jdk1.8.0_40\jre\lib\charsets.jar;C:\Program Files\Java\jdk1.8.0_40\jre\lib\jfr.jar;C:\Program Files\Java\jdk1.8.0_40\jre\classes"/>
    <property name="user.script" value=""/>
    <property name="sun.management.compiler" value="HotSpot 64-Bit Tiered Compilers"/>
    <property name="java.runtime.version" value="1.8.0_40-b26"/>
    <property name="user.name" value="ramkaur1"/>
    <property name="path.separator" value=";"/>
    <property name="os.version" value="6.1"/>
    <property name="java.endorsed.dirs" value="C:\Program Files\Java\jdk1.8.0_40\jre\lib\endorsed"/>
    <property name="java.runtime.name" value="Java(TM) SE Runtime Environment"/>
    <property name="file.encoding" value="Cp1252"/>
    <property name="java.vm.name" value="Java HotSpot(TM) 64-Bit Server VM"/>
    <property name="localRepository" value="C:\Users\rkau10\.m2\repository"/>
    <property name="java.vendor.url.bug" value="http://bugreport.sun.com/bugreport/"/>
    <property name="java.io.tmpdir" value="C:\Users\rkau10\AppData\Local\Temp\"/>
    <property name="java.version" value="1.8.0_40"/>
    <property name="user.dir" value="D:\Practice\RestAPI"/>
    <property name="os.arch" value="amd64"/>
    <property name="java.vm.specification.name" value="Java Virtual Machine Specification"/>
    <property name="java.awt.printerjob" value="sun.awt.windows.WPrinterJob"/>
    <property name="sun.os.patch.level" value="Service Pack 1"/>
    <property name="java.library.path" value="C:\Program Files\Java\jdk1.8.0_40\jre\bin;C:\Windows\Sun\Java\bin;C:\Windows\system32;C:\Windows;C:\Program Files\Common Files\Microsoft Shared\Windows Live;C:\Program Files (x86)\Common Files\Microsoft Shared\Windows Live;C:\Program Files (x86)\Cuminas\Document Express DjVu Plug-in\;C:\RailsInstaller\Ruby2.1.0\bin;C:\RailsInstaller\Git\cmd;C:\ProgramData\Oracle\Java\javapath;C:\Windows\SYSTEM32;C:\Windows;C:\Windows\SYSTEM32\WBEM;C:\Windows\SYSTEM32\WINDOWSPOWERSHELL\V1.0\;C:\Program Files\Java\jdk1.8.0_40\bin;C:\Program Files\maven\bin;C:\Program Files (x86)\Windows Live\Shared;C:\Program Files\Git\cmd;C:\Program Files\TortoiseGit\bin;C:\Users\rkau10\AppData\Roaming\nvm;C:\Program Files\nodejs;C:\Program Files (x86)\Skype\Phone\;C:\Program Files\Intel\WiFi\bin\;C:\Program Files\Common Files\Intel\WirelessCommon\;C:\Windows\System32\WindowsPowerShell\v1.0\;C:\Windows\System32\WindowsPowerShell\v1.0\;C:\Users\rkau10\AppData\Roaming\npm;C:\Users\rkau10\AppData\Roaming\nvm;C:\Program Files\nodejs;C:\Users\rkau10\AppData\Local\atom\bin;C:\Program Files\Intel\WiFi\bin\;C:\Program Files\Common Files\Intel\WirelessCommon\;."/>
    <property name="java.vm.info" value="mixed mode"/>
    <property name="java.vendor" value="Oracle Corporation"/>
    <property name="java.vm.version" value="25.40-b25"/>
    <property name="java.ext.dirs" value="C:\Program Files\Java\jdk1.8.0_40\jre\lib\ext;C:\Windows\Sun\Java\lib\ext"/>
    <property name="sun.io.unicode.encoding" value="UnicodeLittle"/>
    <property name="java.class.version" value="52.0"/>
  </properties>
  <testcase name="UpdateCommentGeneric" classname="MavenFramework.Jirabasics4" time="4.189"/>
  <testcase name="createIssue" classname="MavenFramework.Jirabasics" time="0.076">
    <failure message="1 expectation failed.&#10;Expected status code &lt;201&gt; but was &lt;400&gt;.&#10;" type="java.lang.AssertionError"><![CDATA[java.lang.AssertionError: 
1 expectation failed.
Expected status code <201> but was <400>.

	at MavenFramework.Jirabasics.createIssue(Jirabasics.java:33)
]]></failure>
    <system-out><![CDATA[E86519184DBB76AF87433D4E61123765
]]></system-out>
  </testcase>
  <testcase name="UpdateComment" classname="MavenFramework.Jirabasics3" time="0.211"/>
  <testcase name="deleteIssue" classname="MavenFramework.Jirabasics5" time="0.373"/>
  <testcase name="AdddeletePlace1" classname="MavenFramework.basicsdeleteXML" time="1.48"/>
  <testcase name="AddPlace" classname="MavenFramework.basics2post" time="0.417"/>
  <testcase name="addComment" classname="MavenFramework.Jirabasics2" time="0.15"/>
  <testcase name="createPlace" classname="MavenFramework.basics2" time="0.873">
    <failure message="1 expectation failed.&#10;JSON path results[0].name doesn&apos;t match.&#10;Expected: Global Industries&#10;  Actual: Amritsar&#10;" type="java.lang.AssertionError">java.lang.AssertionError: 
1 expectation failed.
JSON path results[0].name doesn't match.
Expected: Global Industries
  Actual: Amritsar

	at MavenFramework.basics2.createPlace(basics2.java:43)
</failure>
    <system-out><![CDATA[Request method:	GET
Request URI:	https://maps.googleapis.com/maps/api/place/nearbysearch/json?location=31.6340%2C74.8723&radius=500&key=AIzaSyB_bT0dCgKrBcDB1B42aUjZO5m9hBtvp_o
Proxy:			<none>
Request params:	location=31.6340,74.8723
				radius=500
				key=AIzaSyB_bT0dCgKrBcDB1B42aUjZO5m9hBtvp_o
Query params:	<none>
Form params:	<none>
Path params:	<none>
Headers:		Accept=*/*
Cookies:		<none>
Multiparts:		<none>
Body:			<none>
]]></system-out>
  </testcase>
  <testcase name="AddanddeletePlace" classname="MavenFramework.basicsdelete2" time="0.997"/>
  <testcase name="getPlace" classname="MavenFramework.basics" time="0.789">
    <failure message="1 expectation failed.&#10;JSON path results[0].name doesn&apos;t match.&#10;Expected: Global Industries&#10;  Actual: Amritsar&#10;" type="java.lang.AssertionError">java.lang.AssertionError: 
1 expectation failed.
JSON path results[0].name doesn't match.
Expected: Global Industries
  Actual: Amritsar

	at MavenFramework.basics.getPlace(basics.java:26)
</failure>
  </testcase>
  <testcase name="deletePlaceXML" classname="MavenFramework.basicsdelete" time="0.916"/>
</testsuite>