<?xml version="1.0" encoding="UTF-8"?>
<!-- Generated by org.testng.reporters.JUnitReportReporter -->
<testsuite hostname="WKWIN6590441" name="MavenFramework.Jirabasics2" tests="1" failures="0" timestamp="18 Apr 2018 09:19:47 GMT" time="2.378" errors="0">
  <testcase name="addComment" time="2.378" classname="MavenFramework.Jirabasics2"/>
</testsuite> <!-- MavenFramework.Jirabasics2 -->
