<?xml version="1.0" encoding="UTF-8"?>
<!-- Generated by org.testng.reporters.JUnitReportReporter -->
<testsuite hostname="WKWIN6590441" name="MavenFramework.Jirabasics3" tests="1" failures="0" timestamp="18 Apr 2018 16:49:36 GMT" time="2.715" errors="0">
  <testcase name="UpdateCommentGeneric" time="2.715" classname="MavenFramework.Jirabasics3"/>
</testsuite> <!-- MavenFramework.Jirabasics3 -->
