<?xml version="1.0" encoding="UTF-8"?>
<!-- Generated by org.testng.reporters.JUnitReportReporter -->
<testsuite hostname="WKWIN6590441" name="MavenFramework.basics2" tests="1" failures="0" timestamp="16 Apr 2018 10:05:43 GMT" time="3.419" errors="0">
  <testcase name="createPlace" time="3.419" classname="MavenFramework.basics2"/>
</testsuite> <!-- MavenFramework.basics2 -->
