<?xml version="1.0" encoding="UTF-8"?>
<!-- Generated by org.testng.reporters.JUnitReportReporter -->
<testsuite hostname="WKWIN6590441" name="MavenFramework.basics" tests="1" failures="0" timestamp="16 Apr 2018 10:06:20 GMT" time="2.890" errors="0">
  <testcase name="getPlace" time="2.890" classname="MavenFramework.basics"/>
</testsuite> <!-- MavenFramework.basics -->
