<?xml version="1.0" encoding="UTF-8"?>
<!-- Generated by org.testng.reporters.JUnitReportReporter -->
<testsuite hostname="WKWIN6590441" name="MavenFramework.Jirabasics4" tests="1" failures="0" timestamp="18 Apr 2018 10:07:21 GMT" time="2.328" errors="0">
  <testcase name="deleteIssue" time="2.328" classname="MavenFramework.Jirabasics4"/>
</testsuite> <!-- MavenFramework.Jirabasics4 -->
