<?xml version="1.0" encoding="UTF-8"?>
<!-- Generated by org.testng.reporters.JUnitReportReporter -->
<testsuite hostname="WKWIN6590441" name="MavenFramework.Jirabasics" tests="1" failures="0" timestamp="18 Apr 2018 08:55:45 GMT" time="2.158" errors="0">
  <testcase name="createIssue" time="2.158" classname="MavenFramework.Jirabasics"/>
</testsuite> <!-- MavenFramework.Jirabasics -->
