<?xml version="1.0" encoding="UTF-8"?>
<!-- Generated by org.testng.reporters.JUnitReportReporter -->
<testsuite hostname="WKWIN6590441" name="MavenFramework.Jirabasics3" tests="1" failures="0" timestamp="16 Apr 2018 09:20:24 GMT" time="0.211" errors="0">
  <testcase name="UpdateComment" time="0.211" classname="MavenFramework.Jirabasics3"/>
</testsuite> <!-- MavenFramework.Jirabasics3 -->
