<?xml version="1.0" encoding="UTF-8"?>
<!-- Generated by org.testng.reporters.JUnitReportReporter -->
<testsuite hostname="WKWIN6590441" name="MavenFramework.Jirabasics5" tests="1" failures="0" timestamp="16 Apr 2018 09:20:24 GMT" time="0.372" errors="0">
  <testcase name="deleteIssue" time="0.372" classname="MavenFramework.Jirabasics5"/>
</testsuite> <!-- MavenFramework.Jirabasics5 -->
