<?xml version="1.0" encoding="UTF-8"?>
<!-- Generated by org.testng.reporters.JUnitReportReporter -->
<testsuite hostname="WKWIN6590441" name="MavenFramework.Jirabasics4" tests="1" failures="0" timestamp="16 Apr 2018 09:20:24 GMT" time="4.183" errors="0">
  <testcase name="UpdateCommentGeneric" time="4.183" classname="MavenFramework.Jirabasics4"/>
</testsuite> <!-- MavenFramework.Jirabasics4 -->
