<?xml version="1.0" encoding="UTF-8"?>
<!-- Generated by org.testng.reporters.JUnitReportReporter -->
<testsuite hostname="WKWIN6590441" name="MavenFramework.basicsdeleteXML" tests="1" failures="0" timestamp="16 Apr 2018 09:20:24 GMT" time="1.463" errors="0">
  <testcase name="AdddeletePlace1" time="1.463" classname="MavenFramework.basicsdeleteXML"/>
</testsuite> <!-- MavenFramework.basicsdeleteXML -->
